<?xml version="1.0" encoding="UTF-8"?>
<!-- Generated by org.testng.reporters.JUnitReportReporter -->
<testsuite skipped="0" hostname="LAPTOP-ABRF4IV4" name="test.paypal.CreateOrderTest" tests="1" failures="0" timestamp="07 Jun 2021 10:21:21 GMT" time="6.557" errors="0">
  <testcase name="createOrderTest" time="6.557" classname="test.paypal.CreateOrderTest"/>
</testsuite> <!-- test.paypal.CreateOrderTest -->
